<?xml version="1.0" encoding="UTF-8"?>
<testsuite xmlns:xsi="http://www.w3.org/2001/XMLSchema-instance" xsi:noNamespaceSchemaLocation="https://maven.apache.org/surefire/maven-surefire-plugin/xsd/surefire-test-report.xsd" name="ua.lviv.iot.TestApp" time="0.061" tests="9" errors="0" skipped="0" failures="0">
  <properties>
[...]
</properties>
  <testcase name="sortByTypeAscending" classname="ua.lviv.iot.TestApp" time="0.027"/>
  <testcase name="testSetNewListOfStationary" classname="ua.lviv.iot.TestApp" time="0"/>
  <testcase name="testListWithNewNullElement" classname="ua.lviv.iot.TestApp" time="0"/>
  <testcase name="sortByPriceByDescending" classname="ua.lviv.iot.TestApp" time="0.01"/>
  <testcase name="sortByPriceByAscending" classname="ua.lviv.iot.TestApp" time="0.008"/>
  <testcase name="sortByTypeDescending" classname="ua.lviv.iot.TestApp" time="0.01"/>
  <testcase name="testFindForSchoolChildren" classname="ua.lviv.iot.TestApp" time="0"/>
  <testcase name="testFindForStudent" classname="ua.lviv.iot.TestApp" time="0"/>
  <testcase name="testFindForSeniorPupil" classname="ua.lviv.iot.TestApp" time="0"/>
</testsuite>